Line(src\main\resources\tron.log,LOREM IPSUM DOLOR SIT AMET, CONSECTETUER ADIPISCING ELIT. AENEAN COMMODO LIGULA EGET DOLOR. AENEAN MASSA. CUM SOCIIS)
Line(src\main\resources\tron.log,NATOQUE PENATIBUS ET MAGNIS DIS PARTURIENT MONTES, NASCETUR RIDICULUS MUS. DONEC QUAM FELIS, ULTRICIES NEC,)
Line(src\main\resources\tron.log,PELLENTESQUE EU, PRETIUM QUIS, SEM. NULLA CONSEQUAT MASSA QUIS ENIM. DONEC PEDE JUSTO, FRINGILLA VEL, ALIQUET NEC,)
Line(src\main\resources\tron.log,VULPUTATE EGET, ARCU. IN ENIM JUSTO, RHONCUS UT, IMPERDIET A, VENENATIS VITAE, JUSTO. NULLAM DICTUM FELIS EU PEDE)
Line(src\main\resources\tron.log,MOLLIS PRETIUM. INTEGER TINCIDUNT. CRAS DAPIBUS. VIVAMUS ELEMENTUM SEMPER NISI. AENEAN VULPUTATE ELEIFEND TELLUS.)
Line(src\main\resources\3d.log,A WONDERFUL SERENITY HAS TAKEN POSSESSION OF MY ENTIRE SOUL, LIKE THESE SWEET MORNINGS OF SPRING WHICH I ENJOY WITH MY)
Line(src\main\resources\tron.log,AENEAN LEO LIGULA, PORTTITOR EU, CONSEQUAT VITAE, ELEIFEND AC, ENIM. ALIQUAM LOREM ANTE, DAPIBUS IN, VIVERRA QUIS,)
Line(src\main\resources\3d.log,WHOLE HEART. I AM ALONE, AND FEEL THE CHARM OF EXISTENCE IN THIS SPOT, WHICH WAS CREATED FOR THE BLISS OF SOULS LIKE)
Line(src\main\resources\tron.log,FEUGIAT A, TELLUS. PHASELLUS VIVERRA NULLA UT METUS VARIUS LAOREET. QUISQUE RUTRUM. AENEAN IMPERDIET. ETIAM ULTRICIES)
Line(src\main\resources\3d.log,MINE. I AM SO HAPPY, MY DEAR FRIEND, SO ABSORBED IN THE EXQUISITE SENSE OF MERE TRANQUIL EXISTENCE, THAT I NEGLECT MY)
Line(src\main\resources\tron.log,NISI VEL AUGUE. CURABITUR ULLAMCORPER ULTRICIES NISI. NAM EGET DUI. ETIAM RHONCUS. MAECENAS TEMPUS, TELLUS EGET)
Line(src\main\resources\3d.log,TALENTS. I SHOULD BE INCAPABLE OF DRAWING A SINGLE STROKE AT THE PRESENT MOMENT; AND YET I FEEL THAT I NEVER WAS A)
Line(src\main\resources\3d.log,GREATER ARTIST THAN NOW. WHEN, WHILE THE LOVELY VALLEY TEEMS WITH VAPOUR AROUND ME, AND THE MERIDIAN SUN STRIKES THE)
Line(src\main\resources\3d.log,UPPER SURFACE OF THE IMPENETRABLE FOLIAGE OF MY TREES, AND BUT A FEW STRAY GLEAMS STEAL INTO THE INNER SANCTUARY, I)
Line(src\main\resources\tron.log,CONDIMENTUM RHONCUS, SEM QUAM SEMPER LIBERO, SIT AMET ADIPISCING SEM NEQUE SED IPSUM. NAM QUAM NUNC, BLANDIT VEL,)
Line(src\main\resources\3d.log,THROW MYSELF DOWN AMONG THE TALL GRASS BY THE TRICKLING STREAM; AND, AS I LIE CLOSE TO THE EARTH, A THOUSAND UNKNOWN)
Line(src\main\resources\tron.log,LUCTUS PULVINAR, HENDRERIT ID, LOREM. MAECENAS NEC ODIO ET ANTE TINCIDUNT TEMPUS. DONEC VITAE SAPIEN UT LIBERO)
Line(src\main\resources\3d.log,PLANTS ARE NOTICED BY ME: WHEN I HEAR THE BUZZ OF THE LITTLE WORLD AMONG THE STALKS, AND GROW FAMILIAR WITH THE)
Line(src\main\resources\tron.log,VENENATIS FAUCIBUS. NULLAM QUIS ANTE. ETIAM SIT AMET ORCI EGET EROS FAUCIBUS TINCIDUNT. DUIS LEO. SED FRINGILLA)
Line(src\main\resources\tron.log,MAURIS SIT AMET NIBH. DONEC SODALES SAGITTIS MAGNA. SED CONSEQUAT, LEO EGET BIBENDUM SODALES, AUGUE VELIT CURSUS NUNC,)
Line(src\main\resources\tron.log,QUIS GRAVIDA MAGNA MI A LIBERO. FUSCE VULPUTATE ELEIFEND SAPIEN. VESTIBULUM PURUS QUAM, SCELERISQUE UT, MOLLIS SED,)
Line(src\main\resources\tron.log,NONUMMY ID, METUS. NULLAM ACCUMSAN LOREM IN DUI. CRAS ULTRICIES MI EU TURPIS HENDRERIT FRINGILLA. VESTIBULUM ANTE)
Line(src\main\resources\tron.log,IPSUM PRIMIS IN FAUCIBUS ORCI LUCTUS ET ULTRICES POSUERE CUBILIA CURAE; IN AC DUI QUIS MI CONSECTETUER LACINIA.)
Line(src\main\resources\tron.log,NAM PRETIUM TURPIS ET ARCU. DUIS ARCU TORTOR, SUSCIPIT EGET, IMPERDIET NEC, IMPERDIET IACULIS, IPSUM. SED ALIQUAM)
Line(src\main\resources\tron.log,ULTRICES MAURIS. INTEGER ANTE ARCU, ACCUMSAN A, CONSECTETUER EGET, POSUERE UT, MAURIS. PRAESENT ADIPISCING.)
Line(src\main\resources\tron.log,PHASELLUS ULLAMCORPER IPSUM RUTRUM NUNC. NUNC NONUMMY METUS. VESTIBULUM VOLUTPAT PRETIUM LIBERO. CRAS ID DUI.)
Line(src\main\resources\tron.log,AENEAN UT EROS ET NISL SAGITTIS VESTIBULUM. NULLAM NULLA EROS, ULTRICIES SIT AMET, NONUMMY ID, IMPERDIET FEUGIAT, PEDE.)
Line(src\main\resources\tron.log,SED LECTUS. DONEC MOLLIS HENDRERIT RISUS. PHASELLUS NEC SEM IN JUSTO PELLENTESQUE FACILISIS. ETIAM IMPERDIET)
Line(src\main\resources\tron.log,IMPERDIET ORCI. NUNC NEC NEQUE. PHASELLUS LEO DOLOR, TEMPUS NON, AUCTOR ET, HENDRERIT QUIS, NISI. CURABITUR LIGULA)
Line(src\main\resources\tron.log,SAPIEN, TINCIDUNT NON, EUISMOD VITAE, POSUERE IMPERDIET, LEO. MAECENAS MALESUADA. PRAESENT CONGUE ERAT AT MASSA.)
Line(src\main\resources\tron.log,SED CURSUS TURPIS VITAE TORTOR. DONEC POSUERE VULPUTATE ARCU. PHASELLUS ACCUMSAN CURSUS VELIT. VESTIBULUM ANTE IPSUM)
Line(src\main\resources\tron.log,PRIMIS IN FAUCIBUS ORCI LUCTUS ET ULTRICES POSUERE CUBILIA CURAE; SED ALIQUAM, NISI QUIS PORTTITOR CONGUE, ELIT ERAT)
Line(src\main\resources\tron.log,EUISMOD ORCI, AC PLACERAT DOLOR LECTUS QUIS ORCI. PHASELLUS CONSECTETUER VESTIBULUM ELIT. AENEAN TELLUS METUS,)
Line(src\main\resources\tron.log,BIBENDUM SED, POSUERE AC, MATTIS NON, NUNC. VESTIBULUM FRINGILLA PEDE SIT AMET AUGUE. IN TURPIS. PELLENTESQUE POSUERE.)
Line(src\main\resources\tron.log,PRAESENT TURPIS. AENEAN POSUERE, TORTOR SED CURSUS FEUGIAT, NUNC AUGUE BLANDIT NUNC, EU SOLLICITUDIN URNA DOLOR)
Line(src\main\resources\tron.log,SAGITTIS LACUS. DONEC ELIT LIBERO, SODALES NEC, VOLUTPAT A, SUSCIPIT NON, TURPIS. NULLAM SAGITTIS. SUSPENDISSE)
Line(src\main\resources\tron.log,PULVINAR, AUGUE AC VENENATIS CONDIMENTUM, SEM LIBERO VOLUTPAT NIBH, NEC PELLENTESQUE VELIT PEDE QUIS NUNC.)
Line(src\main\resources\tron.log,VESTIBULUM ANTE IPSUM PRIMIS IN FAUCIBUS ORCI LUCTUS ET ULTRICES POSUERE CUBILIA CURAE; FUSCE ID PURUS. UT VARIUS)
Line(src\main\resources\tron.log,TINCIDUNT LIBERO. PHASELLUS DOLOR. MAECENAS VESTIBULUM MOLLIS)
Line(src\main\resources\3d.log,COUNTLESS INDESCRIBABLE FORMS OF THE INSECTS AND FLIES, THEN I FEEL THE PRESENCE OF THE ALMIGHTY, WHO FORMED US IN)
Line(src\main\resources\3d.log,HIS OWN IMAGE, AND THE BREATH OF THAT UNIVERSAL LOVE WHICH BEARS AND SUSTAINS US, AS IT FLOATS AROUND US IN AN)
Line(src\main\resources\3d.log,ETERNITY OF BLISS; AND THEN, MY FRIEND, WHEN DARKNESS OVERSPREADS MY EYES, AND HEAVEN AND EARTH SEEM TO DWELL IN)
Line(src\main\resources\3d.log,MY SOUL AND ABSORB ITS POWER, LIKE THE FORM OF A BELOVED MISTRESS, THEN I OFTEN THINK WITH LONGING, OH, WOULD I)
Line(src\main\resources\3d.log,COULD DESCRIBE THESE CONCEPTIONS, COULD IMPRESS UPON PAPER ALL THAT IS LIVING SO FULL AND WARM WITHIN ME, THAT IT)
Line(src\main\resources\3d.log,MIGHT BE THE MIRROR OF MY SOUL, AS MY SOUL IS THE MIRROR OF THE INFINITE GOD! O MY FRIEND -- BUT IT IS TOO MUCH FOR)
Line(src\main\resources\3d.log,MY STRENGTH -- I SINK UNDER THE WEIGHT OF THE SPLENDOUR OF THESE VISIONS!A WONDERFUL SERENITY HAS TAKEN POSSESSION OF)
Line(src\main\resources\3d.log,MY ENTIRE SOUL, LIKE THESE SWEET MORNINGS OF SPRING WHICH I ENJOY WITH MY WHOLE HEART. I AM ALONE, AND FEEL THE CHARM)
Line(src\main\resources\3d.log,OF EXISTENCE IN THIS SPOT, WHICH WAS CREATED FOR THE BLISS OF SOULS LIKE MINE. I AM SO HAPPY, MY DEAR FRIEND, SO)
Line(src\main\resources\3d.log,ABSORBED IN THE EXQUISITE SENSE OF MERE TRANQUIL EXISTENCE, THAT I NEGLECT MY TALENTS. I SHOULD BE INCAPABLE OF)
Line(src\main\resources\3d.log,DRAWING A SINGLE STROKE AT THE PRESENT MOMENT; AND YET I FEEL THAT I NEVER WAS A GREATER ARTIST THAN NOW. WHEN,)
Line(src\main\resources\3d.log,WHILE THE LOVELY VALLEY TEEMS WITH VAPOUR AROUND ME, AND THE MERIDIAN SUN STRIKES THE UPPER SURFACE OF THE)
Line(src\main\resources\3d.log,IMPENETRABLE FOLIAGE OF MY TREES, AND BUT A FEW STRAY GLEAMS STEAL INTO THE INNER SANCTUARY, I THROW MYSELF DOWN)
Line(src\main\resources\3d.log,AMONG THE TALL GRASS BY THE TRICKLING STREAM; AND, AS I LIE CLOSE TO THE EARTH, A THOUSAND UNKNOWN PLANTS ARE)
Line(src\main\resources\3d.log,NOTICED BY ME: WHEN I HEAR THE BUZZ OF THE LITTLE WORLD AMONG THE STALKS, AND GROW FAMILIAR WITH THE COUNTLESS)
Line(src\main\resources\3d.log,INDESCRIBABLE FORMS OF THE INSECTS AND)
